d:\users\roy\source\repos\cagdkit2012\debug\cagdd.bsc
d:\users\roy\source\repos\cagdkit2012\debug\cagd.pch
d:\users\roy\source\repos\cagdkit2012\debug\cagd.pdb
d:\users\roy\source\repos\cagdkit2012\debug\cagd.idb
d:\users\roy\source\repos\cagdkit2012\debug\segment.sbr
d:\users\roy\source\repos\cagdkit2012\debug\segment.obj
d:\users\roy\source\repos\cagdkit2012\debug\cagd.sbr
d:\users\roy\source\repos\cagdkit2012\debug\callback.sbr
d:\users\roy\source\repos\cagdkit2012\debug\callback.obj
d:\users\roy\source\repos\cagdkit2012\debug\cagd.obj
d:\users\roy\source\repos\cagdkit2012\debug\cagdd.lib
d:\users\roy\source\repos\cagdkit2012\.\debug\cagdd.lib
d:\users\roy\source\repos\cagdkit2012\debug\cagd.tlog\bscmake.command.1.tlog
d:\users\roy\source\repos\cagdkit2012\debug\cagd.tlog\bscmake.read.1.tlog
d:\users\roy\source\repos\cagdkit2012\debug\cagd.tlog\bscmake.write.1.tlog
d:\users\roy\source\repos\cagdkit2012\debug\cagd.tlog\cl.command.1.tlog
d:\users\roy\source\repos\cagdkit2012\debug\cagd.tlog\cl.read.1.tlog
d:\users\roy\source\repos\cagdkit2012\debug\cagd.tlog\cl.write.1.tlog
d:\users\roy\source\repos\cagdkit2012\debug\cagd.tlog\lib-link.read.1.tlog
d:\users\roy\source\repos\cagdkit2012\debug\cagd.tlog\lib-link.write.1.tlog
d:\users\roy\source\repos\cagdkit2012\debug\cagd.tlog\lib.command.1.tlog
