c:\users\dana\source\repos\cagd3\demo\debug\vc141.pdb
c:\users\dana\source\repos\cagd3\demo\debug\vc141.idb
c:\users\dana\source\repos\cagd3\demo\debug\expr2tree.obj
c:\users\dana\source\repos\cagd3\demo\debug\demo.obj
c:\users\dana\source\repos\cagd3\demo\debug\demo.exe
c:\users\dana\source\repos\cagd3\demo\debug\demo.ilk
c:\users\dana\source\repos\cagd3\demo\debug\demo.pdb
c:\users\dana\source\repos\cagd3\demo\debug\demo.res
c:\users\dana\source\repos\cagd3\demo\debug\test.obj
c:\users\dana\source\repos\cagd3\demo\debug\demo.obj.enc
c:\users\dana\source\repos\cagd3\demo\.\debug\demo.exe
c:\users\dana\source\repos\cagd3\demo\debug\demo.tlog\cl.command.1.tlog
c:\users\dana\source\repos\cagd3\demo\debug\demo.tlog\cl.read.1.tlog
c:\users\dana\source\repos\cagd3\demo\debug\demo.tlog\cl.write.1.tlog
c:\users\dana\source\repos\cagd3\demo\debug\demo.tlog\link.command.1.tlog
c:\users\dana\source\repos\cagd3\demo\debug\demo.tlog\link.read.1.tlog
c:\users\dana\source\repos\cagd3\demo\debug\demo.tlog\link.write.1.tlog
c:\users\dana\source\repos\cagd3\demo\debug\demo.tlog\rc.command.1.tlog
c:\users\dana\source\repos\cagd3\demo\debug\demo.tlog\rc.read.1.tlog
c:\users\dana\source\repos\cagd3\demo\debug\demo.tlog\rc.write.1.tlog
